2014/01/05 19:10:25 にビルドを開始しました。
     1>ノード 2 上のプロジェクト "C:\Users\t\Desktop\Pakemon\Pakemon\Pakemon.vcxproj" (build ターゲット)。
     1>InitializeBuildStatus:
         "AlwaysCreate" が指定されたため "Debug\Pakemon.unsuccessfulbuild" を作成しています。
       ClCompile:
         C:\Program Files (x86)\Microsoft Visual Studio 10.0\VC\bin\CL.exe /c /ZI /nologo /W3 /WX- /Od /Oy- /D _MBCS /Gm /EHsc /RTC1 /MTd /GS /fp:precise /Zc:wchar_t /Zc:forScope /Fo"Debug\\" /Fd"Debug\vc100.pdb" /Gd /TP /analyze- /errorReport:prompt Pakemon.cpp
         Pakemon.cpp
     1>c:\users\t\desktop\pakemon\pakemon\nyancat.h(16): warning C4244: '引数' : 'float' から 'int' への変換です。データが失われる可能性があります。
     1>c:\users\t\desktop\pakemon\pakemon\nyancat.h(16): warning C4244: '引数' : 'float' から 'int' への変換です。データが失われる可能性があります。
       Link:
         C:\Program Files (x86)\Microsoft Visual Studio 10.0\VC\bin\link.exe /ERRORREPORT:PROMPT /OUT:"C:\Users\t\Desktop\Pakemon\Debug\Pakemon.exe" /NOLOGO kernel32.lib user32.lib gdi32.lib winspool.lib comdlg32.lib advapi32.lib shell32.lib ole32.lib oleaut32.lib uuid.lib odbc32.lib odbccp32.lib /MANIFEST /ManifestFile:"Debug\Pakemon.exe.intermediate.manifest" /MANIFESTUAC:"level='asInvoker' uiAccess='false'" /DEBUG /PDB:"C:\Users\t\Desktop\Pakemon\Debug\Pakemon.pdb" /SUBSYSTEM:WINDOWS /TLBID:1 /DYNAMICBASE /NXCOMPAT /IMPLIB:"C:\Users\t\Desktop\Pakemon\Debug\Pakemon.lib" /MACHINE:X86 Debug\Fps.obj
         Debug\GameMap.obj
         Debug\loadPacket.obj
         Debug\Map.obj
         Debug\PacketICMP.obj
         Debug\Pakemon.obj
         LINK : 前回のインクリメンタル リンクで C:\Users\t\Desktop\Pakemon\Debug\Pakemon.exe が見つからなかったか、ビルドされませんでした。フル リンクを行います。
         Pakemon.vcxproj -> C:\Users\t\Desktop\Pakemon\Debug\Pakemon.exe
       Manifest:
         C:\Program Files (x86)\Microsoft SDKs\Windows\v7.0A\bin\mt.exe /nologo /verbose /outputresource:"C:\Users\t\Desktop\Pakemon\Debug\Pakemon.exe;#1" /manifest Debug\Pakemon.exe.intermediate.manifest
       FinalizeBuildStatus:
         ファイル "Debug\Pakemon.unsuccessfulbuild" を削除しています。
         "Debug\Pakemon.lastbuildstate" のタッチ タスクを実行しています。
     1>プロジェクト "C:\Users\t\Desktop\Pakemon\Pakemon\Pakemon.vcxproj" (build ターゲット) のビルドが完了しました。

ビルドに成功しました。

経過時間 00:00:04.31
